生成启动时间为 2021/1/22 13:42:06。
日志记录详细程度设置为: Normal。     1>项目“G:\coding\MonitorNetDriver\MonitorNetDriver.vcxproj”在节点 2 上(Build 个目标)。
     1>DriverBuildNotifications:
         Building 'MonitorNetDriver' with toolset 'WindowsKernelModeDriver10.0' and the 'Desktop' target platform.
         Using KMDF 1.9.
       InitializeBuildStatus:
         正在对“x64\Debug\MonitorNetDriver.tlog\unsuccessfulbuild”执行 Touch 任务。
       StampInf:
         F:\Windows Kits\10\bin\10.0.18362.0\x86\stampinf.exe -d "*" -a "amd64" -v "*" -k "1.9" -f x64\Debug\MonitorNetDriver.inf 
         Copying "G:\coding\MonitorNetDriver\MonitorNetDriver.inf" to "x64\Debug\MonitorNetDriver.inf" for stamping
         Stamping x64\Debug\MonitorNetDriver.inf
         Stamping [Version] section with DriverVer=01/22/2021,13.42.6.648
       ClCompile:
         所有输出均为最新。
       Link:
         所有输出均为最新。
         MonitorNetDriver.vcxproj -> G:\coding\MonitorNetDriver\x64\Debug\MonitorNetDriver.sys
     1>项目“G:\coding\MonitorNetDriver\MonitorNetDriver.vcxproj”(1)正在节点 2 上生成“G:\coding\MonitorNetDriver\MonitorNetDriver.vcxproj”(1:2) (TestSign 个目标)。
     1>TestSign:
         The driver will be test-signed. Driver signing options can be changed from the project properties.
         Sign Inputs: G:\coding\MonitorNetDriver\x64\Debug\MonitorNetDriver.sys
         所有输出均为最新。
     1>已完成生成项目“G:\coding\MonitorNetDriver\MonitorNetDriver.vcxproj”(TestSign 个目标)的操作。
     1>DriverPackageTarget:
         Packaging up the following projects for the following configurations:
         
          Configuration='' Platform=''
         
         
         The following files will be packaged:
         
         File to package:      G:\coding\MonitorNetDriver\x64\Debug\MonitorNetDriver.sys.
         Location in Package:  \MonitorNetDriver.sys.
         Requested by project: 
         
         
         File to package:      x64\Debug\MonitorNetDriver.inf.
         Location in Package:  \MonitorNetDriver.inf.
         Requested by project: 
         
         
         正在将文件从“G:\coding\MonitorNetDriver\x64\Debug\MonitorNetDriver.inf”复制到“G:\coding\MonitorNetDriver\x64\Debug\MonitorNetDriver\MonitorNetDriver.inf”。
       Inf2Cat:
         F:\Windows Kits\10\bin\10.0.18362.0\x86\inf2cat.exe /os:7_x64 /driver:G:\coding\MonitorNetDriver\x64\Debug\MonitorNetDriver\ 
         .........................
         Signability test complete.
         
         Errors:
         None
         
         Warnings:
         None
         
         Catalog generation complete.
         G:\coding\MonitorNetDriver\x64\Debug\MonitorNetDriver\monitornetdriver.cat
     1>项目“G:\coding\MonitorNetDriver\MonitorNetDriver.vcxproj”(1)正在节点 2 上生成“G:\coding\MonitorNetDriver\MonitorNetDriver.vcxproj”(1:3) (TestSign 个目标)。
     1>TestSign:
         The driver package will be test-signed. Driver signing options can be changed from the project properties.
         Sign Inputs: G:\coding\MonitorNetDriver\x64\Debug\MonitorNetDriver\monitornetdriver.cat
         F:\Windows Kits\10\bin\10.0.18362.0\x86\signtool.exe sign /ph /sha1 "B335FB62D93A95ECBBB9DAEF245E872D5F38E4F1" 
         Done Adding Additional Store
         Successfully signed: G:\coding\MonitorNetDriver\x64\Debug\MonitorNetDriver\monitornetdriver.cat
         
         Certificate used for signing: issued to = WDKTestCert Administrator,132554273730076377 and thumbprint = B335FB62D93A95ECBBB9DAEF245E872D5F38E4F1
         Exported Certificate: G:\coding\MonitorNetDriver\x64\Debug\MonitorNetDriver.cer
     1>已完成生成项目“G:\coding\MonitorNetDriver\MonitorNetDriver.vcxproj”(TestSign 个目标)的操作。
     1>FinalizeBuildStatus:
         正在删除文件“x64\Debug\MonitorNetDriver.tlog\unsuccessfulbuild”。
         正在对“x64\Debug\MonitorNetDriver.tlog\MonitorNetDriver.lastbuildstate”执行 Touch 任务。
     1>已完成生成项目“G:\coding\MonitorNetDriver\MonitorNetDriver.vcxproj”(Build 个目标)的操作。

已成功生成。
    0 个警告
    0 个错误

已用时间 00:00:01.42
